[debug] [2025-06-22T04:31:18.930Z] ----------------------------------------------------------------------
[debug] [2025-06-22T04:31:18.931Z] Command:       /Users/jacob/.nvm/versions/node/v18.20.5/bin/node /Users/jacob/.nvm/versions/node/v18.20.5/bin/firebase deploy --only functions
[debug] [2025-06-22T04:31:18.931Z] CLI Version:   13.35.1
[debug] [2025-06-22T04:31:18.932Z] Platform:      darwin
[debug] [2025-06-22T04:31:18.932Z] Node Version:  v18.20.5
[debug] [2025-06-22T04:31:18.934Z] Time:          Sun Jun 22 2025 00:31:18 GMT-0400 (Eastern Daylight Time)
[debug] [2025-06-22T04:31:18.935Z] ----------------------------------------------------------------------
[debug] 
[debug] [2025-06-22T04:31:19.051Z] > command requires scopes: ["email","openid","https://www.googleapis.com/auth/cloudplatformprojects.readonly","https://www.googleapis.com/auth/firebase","https://www.googleapis.com/auth/cloud-platform"]
[debug] [2025-06-22T04:31:19.052Z] > authorizing via signed-in user (aditya.mak08@gmail.com)
[debug] [2025-06-22T04:31:19.052Z] [iam] checking project billr-7f713 for permissions ["cloudfunctions.functions.create","cloudfunctions.functions.delete","cloudfunctions.functions.get","cloudfunctions.functions.list","cloudfunctions.functions.update","cloudfunctions.operations.get","firebase.projects.get"]
[debug] [2025-06-22T04:31:19.052Z] Checked if tokens are valid: true, expires at: 1750569963127
[debug] [2025-06-22T04:31:19.052Z] Checked if tokens are valid: true, expires at: 1750569963127
[debug] [2025-06-22T04:31:19.053Z] >>> [apiv2][query] POST https://cloudresourcemanager.googleapis.com/v1/projects/billr-7f713:testIamPermissions [none]
[debug] [2025-06-22T04:31:19.053Z] >>> [apiv2][(partial)header] POST https://cloudresourcemanager.googleapis.com/v1/projects/billr-7f713:testIamPermissions x-goog-quota-user=projects/billr-7f713
[debug] [2025-06-22T04:31:19.053Z] >>> [apiv2][body] POST https://cloudresourcemanager.googleapis.com/v1/projects/billr-7f713:testIamPermissions {"permissions":["cloudfunctions.functions.create","cloudfunctions.functions.delete","cloudfunctions.functions.get","cloudfunctions.functions.list","cloudfunctions.functions.update","cloudfunctions.operations.get","firebase.projects.get"]}
[debug] [2025-06-22T04:31:19.414Z] <<< [apiv2][status] POST https://cloudresourcemanager.googleapis.com/v1/projects/billr-7f713:testIamPermissions 200
[debug] [2025-06-22T04:31:19.414Z] <<< [apiv2][body] POST https://cloudresourcemanager.googleapis.com/v1/projects/billr-7f713:testIamPermissions {"permissions":["cloudfunctions.functions.create","cloudfunctions.functions.delete","cloudfunctions.functions.get","cloudfunctions.functions.list","cloudfunctions.functions.update","cloudfunctions.operations.get","firebase.projects.get"]}
[debug] [2025-06-22T04:31:19.415Z] Checked if tokens are valid: true, expires at: 1750569963127
[debug] [2025-06-22T04:31:19.415Z] Checked if tokens are valid: true, expires at: 1750569963127
[debug] [2025-06-22T04:31:19.415Z] >>> [apiv2][query] POST https://iam.googleapis.com/v1/projects/billr-7f713/serviceAccounts/billr-7f713@appspot.gserviceaccount.com:testIamPermissions [none]
[debug] [2025-06-22T04:31:19.415Z] >>> [apiv2][body] POST https://iam.googleapis.com/v1/projects/billr-7f713/serviceAccounts/billr-7f713@appspot.gserviceaccount.com:testIamPermissions {"permissions":["iam.serviceAccounts.actAs"]}
[debug] [2025-06-22T04:31:19.724Z] <<< [apiv2][status] POST https://iam.googleapis.com/v1/projects/billr-7f713/serviceAccounts/billr-7f713@appspot.gserviceaccount.com:testIamPermissions 200
[debug] [2025-06-22T04:31:19.725Z] <<< [apiv2][body] POST https://iam.googleapis.com/v1/projects/billr-7f713/serviceAccounts/billr-7f713@appspot.gserviceaccount.com:testIamPermissions {"permissions":["iam.serviceAccounts.actAs"]}
[info] 
[info] === Deploying to 'billr-7f713'...
[info] 
[info] i  deploying functions 
[debug] [2025-06-22T04:31:19.731Z] Checked if tokens are valid: true, expires at: 1750569963127
[debug] [2025-06-22T04:31:19.732Z] Checked if tokens are valid: true, expires at: 1750569963127
[debug] [2025-06-22T04:31:19.733Z] >>> [apiv2][query] GET https://cloudresourcemanager.googleapis.com/v1/projects/billr-7f713 [none]
[debug] [2025-06-22T04:31:20.241Z] <<< [apiv2][status] GET https://cloudresourcemanager.googleapis.com/v1/projects/billr-7f713 200
[debug] [2025-06-22T04:31:20.242Z] <<< [apiv2][body] GET https://cloudresourcemanager.googleapis.com/v1/projects/billr-7f713 {"projectNumber":"579276646722","projectId":"billr-7f713","lifecycleState":"ACTIVE","name":"billr","labels":{"firebase":"enabled","firebase-core":"disabled"},"createTime":"2025-06-21T05:30:10.081522Z"}
[info] i  functions: preparing codebase default for deployment 
[info] i  functions: ensuring required API cloudfunctions.googleapis.com is enabled... 
[debug] [2025-06-22T04:31:20.404Z] Checked if tokens are valid: true, expires at: 1750569963127
[debug] [2025-06-22T04:31:20.408Z] Checked if tokens are valid: true, expires at: 1750569963127
[debug] [2025-06-22T04:31:20.409Z] Checked if tokens are valid: true, expires at: 1750569963127
[debug] [2025-06-22T04:31:20.409Z] Checked if tokens are valid: true, expires at: 1750569963127
[info] i  functions: ensuring required API cloudbuild.googleapis.com is enabled... 
[debug] [2025-06-22T04:31:20.410Z] Checked if tokens are valid: true, expires at: 1750569963127
[debug] [2025-06-22T04:31:20.458Z] Checked if tokens are valid: true, expires at: 1750569963127
[info] i  artifactregistry: ensuring required API artifactregistry.googleapis.com is enabled... 
[debug] [2025-06-22T04:31:20.459Z] Checked if tokens are valid: true, expires at: 1750569963127
[debug] [2025-06-22T04:31:20.459Z] Checked if tokens are valid: true, expires at: 1750569963127
[debug] [2025-06-22T04:31:20.459Z] >>> [apiv2][query] GET https://serviceusage.googleapis.com/v1/projects/billr-7f713/services/cloudfunctions.googleapis.com [none]
[debug] [2025-06-22T04:31:20.459Z] >>> [apiv2][(partial)header] GET https://serviceusage.googleapis.com/v1/projects/billr-7f713/services/cloudfunctions.googleapis.com x-goog-quota-user=projects/billr-7f713
[debug] [2025-06-22T04:31:20.604Z] >>> [apiv2][query] GET https://serviceusage.googleapis.com/v1/projects/billr-7f713/services/runtimeconfig.googleapis.com [none]
[debug] [2025-06-22T04:31:20.606Z] >>> [apiv2][(partial)header] GET https://serviceusage.googleapis.com/v1/projects/billr-7f713/services/runtimeconfig.googleapis.com x-goog-quota-user=projects/billr-7f713
[debug] [2025-06-22T04:31:20.632Z] >>> [apiv2][query] GET https://serviceusage.googleapis.com/v1/projects/billr-7f713/services/cloudbuild.googleapis.com [none]
[debug] [2025-06-22T04:31:20.632Z] >>> [apiv2][(partial)header] GET https://serviceusage.googleapis.com/v1/projects/billr-7f713/services/cloudbuild.googleapis.com x-goog-quota-user=projects/billr-7f713
[debug] [2025-06-22T04:31:20.649Z] >>> [apiv2][query] GET https://serviceusage.googleapis.com/v1/projects/billr-7f713/services/artifactregistry.googleapis.com [none]
[debug] [2025-06-22T04:31:20.650Z] >>> [apiv2][(partial)header] GET https://serviceusage.googleapis.com/v1/projects/billr-7f713/services/artifactregistry.googleapis.com x-goog-quota-user=projects/billr-7f713
[debug] [2025-06-22T04:31:21.114Z] <<< [apiv2][status] GET https://serviceusage.googleapis.com/v1/projects/billr-7f713/services/runtimeconfig.googleapis.com 200
[debug] [2025-06-22T04:31:21.114Z] <<< [apiv2][body] GET https://serviceusage.googleapis.com/v1/projects/billr-7f713/services/runtimeconfig.googleapis.com [omitted]
[debug] [2025-06-22T04:31:21.121Z] <<< [apiv2][status] GET https://serviceusage.googleapis.com/v1/projects/billr-7f713/services/cloudbuild.googleapis.com 200
[debug] [2025-06-22T04:31:21.121Z] <<< [apiv2][body] GET https://serviceusage.googleapis.com/v1/projects/billr-7f713/services/cloudbuild.googleapis.com [omitted]
[info] ✔  functions: required API cloudbuild.googleapis.com is enabled 
[debug] [2025-06-22T04:31:21.135Z] <<< [apiv2][status] GET https://serviceusage.googleapis.com/v1/projects/billr-7f713/services/artifactregistry.googleapis.com 200
[debug] [2025-06-22T04:31:21.136Z] <<< [apiv2][body] GET https://serviceusage.googleapis.com/v1/projects/billr-7f713/services/artifactregistry.googleapis.com [omitted]
[info] ✔  artifactregistry: required API artifactregistry.googleapis.com is enabled 
[debug] [2025-06-22T04:31:21.154Z] <<< [apiv2][status] GET https://serviceusage.googleapis.com/v1/projects/billr-7f713/services/cloudfunctions.googleapis.com 200
[debug] [2025-06-22T04:31:21.154Z] <<< [apiv2][body] GET https://serviceusage.googleapis.com/v1/projects/billr-7f713/services/cloudfunctions.googleapis.com [omitted]
[info] ✔  functions: required API cloudfunctions.googleapis.com is enabled 
[debug] [2025-06-22T04:31:21.155Z] Checked if tokens are valid: true, expires at: 1750569963127
[debug] [2025-06-22T04:31:21.155Z] Checked if tokens are valid: true, expires at: 1750569963127
[debug] [2025-06-22T04:31:21.155Z] >>> [apiv2][query] GET https://firebase.googleapis.com/v1beta1/projects/billr-7f713/adminSdkConfig [none]
[debug] [2025-06-22T04:31:21.585Z] <<< [apiv2][status] GET https://firebase.googleapis.com/v1beta1/projects/billr-7f713/adminSdkConfig 200
[debug] [2025-06-22T04:31:21.585Z] <<< [apiv2][body] GET https://firebase.googleapis.com/v1beta1/projects/billr-7f713/adminSdkConfig {"projectId":"billr-7f713","storageBucket":"billr-7f713.firebasestorage.app"}
[debug] [2025-06-22T04:31:21.586Z] Checked if tokens are valid: true, expires at: 1750569963127
[debug] [2025-06-22T04:31:21.586Z] Checked if tokens are valid: true, expires at: 1750569963127
[debug] [2025-06-22T04:31:21.586Z] >>> [apiv2][query] GET https://runtimeconfig.googleapis.com/v1beta1/projects/billr-7f713/configs [none]
[debug] [2025-06-22T04:31:21.812Z] <<< [apiv2][status] GET https://runtimeconfig.googleapis.com/v1beta1/projects/billr-7f713/configs 200
[debug] [2025-06-22T04:31:21.812Z] <<< [apiv2][body] GET https://runtimeconfig.googleapis.com/v1beta1/projects/billr-7f713/configs {"configs":[{"name":"projects/billr-7f713/configs/email"},{"name":"projects/billr-7f713/configs/resend"},{"name":"projects/billr-7f713/configs/stripe"},{"name":"projects/billr-7f713/configs/app"}]}
[debug] [2025-06-22T04:31:21.812Z] Checked if tokens are valid: true, expires at: 1750569963127
[debug] [2025-06-22T04:31:21.812Z] Checked if tokens are valid: true, expires at: 1750569963127
[debug] [2025-06-22T04:31:21.812Z] Checked if tokens are valid: true, expires at: 1750569963127
[debug] [2025-06-22T04:31:21.812Z] Checked if tokens are valid: true, expires at: 1750569963127
[debug] [2025-06-22T04:31:21.812Z] Checked if tokens are valid: true, expires at: 1750569963127
[debug] [2025-06-22T04:31:21.812Z] Checked if tokens are valid: true, expires at: 1750569963127
[debug] [2025-06-22T04:31:21.812Z] Checked if tokens are valid: true, expires at: 1750569963127
[debug] [2025-06-22T04:31:21.812Z] Checked if tokens are valid: true, expires at: 1750569963127
[debug] [2025-06-22T04:31:21.813Z] >>> [apiv2][query] GET https://runtimeconfig.googleapis.com/v1beta1/projects/billr-7f713/configs/email/variables [none]
[debug] [2025-06-22T04:31:21.814Z] >>> [apiv2][query] GET https://runtimeconfig.googleapis.com/v1beta1/projects/billr-7f713/configs/resend/variables [none]
[debug] [2025-06-22T04:31:21.815Z] >>> [apiv2][query] GET https://runtimeconfig.googleapis.com/v1beta1/projects/billr-7f713/configs/stripe/variables [none]
[debug] [2025-06-22T04:31:21.816Z] >>> [apiv2][query] GET https://runtimeconfig.googleapis.com/v1beta1/projects/billr-7f713/configs/app/variables [none]
[debug] [2025-06-22T04:31:22.022Z] <<< [apiv2][status] GET https://runtimeconfig.googleapis.com/v1beta1/projects/billr-7f713/configs/stripe/variables 200
[debug] [2025-06-22T04:31:22.022Z] <<< [apiv2][body] GET https://runtimeconfig.googleapis.com/v1beta1/projects/billr-7f713/configs/stripe/variables {"variables":[{"name":"projects/billr-7f713/configs/stripe/variables/secret_key","updateTime":"2025-06-21T18:22:38.629705567Z"},{"name":"projects/billr-7f713/configs/stripe/variables/webhook_secret","updateTime":"2025-06-21T18:22:37.907770556Z"}]}
[debug] [2025-06-22T04:31:22.022Z] Checked if tokens are valid: true, expires at: 1750569963127
[debug] [2025-06-22T04:31:22.022Z] Checked if tokens are valid: true, expires at: 1750569963127
[debug] [2025-06-22T04:31:22.022Z] Checked if tokens are valid: true, expires at: 1750569963127
[debug] [2025-06-22T04:31:22.022Z] Checked if tokens are valid: true, expires at: 1750569963127
[debug] [2025-06-22T04:31:22.022Z] >>> [apiv2][query] GET https://runtimeconfig.googleapis.com/v1beta1/projects/billr-7f713/configs/stripe/variables/secret_key [none]
[debug] [2025-06-22T04:31:22.024Z] >>> [apiv2][query] GET https://runtimeconfig.googleapis.com/v1beta1/projects/billr-7f713/configs/stripe/variables/webhook_secret [none]
[debug] [2025-06-22T04:31:22.030Z] <<< [apiv2][status] GET https://runtimeconfig.googleapis.com/v1beta1/projects/billr-7f713/configs/email/variables 200
[debug] [2025-06-22T04:31:22.030Z] <<< [apiv2][body] GET https://runtimeconfig.googleapis.com/v1beta1/projects/billr-7f713/configs/email/variables {"variables":[{"name":"projects/billr-7f713/configs/email/variables/user","updateTime":"2025-06-21T18:22:24.873879975Z"}]}
[debug] [2025-06-22T04:31:22.030Z] Checked if tokens are valid: true, expires at: 1750569963127
[debug] [2025-06-22T04:31:22.030Z] Checked if tokens are valid: true, expires at: 1750569963127
[debug] [2025-06-22T04:31:22.030Z] >>> [apiv2][query] GET https://runtimeconfig.googleapis.com/v1beta1/projects/billr-7f713/configs/email/variables/user [none]
[debug] [2025-06-22T04:31:22.033Z] <<< [apiv2][status] GET https://runtimeconfig.googleapis.com/v1beta1/projects/billr-7f713/configs/app/variables 200
[debug] [2025-06-22T04:31:22.033Z] <<< [apiv2][body] GET https://runtimeconfig.googleapis.com/v1beta1/projects/billr-7f713/configs/app/variables {"variables":[{"name":"projects/billr-7f713/configs/app/variables/url","updateTime":"2025-06-21T22:52:50.760635782Z"}]}
[debug] [2025-06-22T04:31:22.034Z] Checked if tokens are valid: true, expires at: 1750569963127
[debug] [2025-06-22T04:31:22.034Z] Checked if tokens are valid: true, expires at: 1750569963127
[debug] [2025-06-22T04:31:22.034Z] >>> [apiv2][query] GET https://runtimeconfig.googleapis.com/v1beta1/projects/billr-7f713/configs/app/variables/url [none]
[debug] [2025-06-22T04:31:22.037Z] <<< [apiv2][status] GET https://runtimeconfig.googleapis.com/v1beta1/projects/billr-7f713/configs/resend/variables 200
[debug] [2025-06-22T04:31:22.037Z] <<< [apiv2][body] GET https://runtimeconfig.googleapis.com/v1beta1/projects/billr-7f713/configs/resend/variables {"variables":[{"name":"projects/billr-7f713/configs/resend/variables/api_key","updateTime":"2025-06-21T22:52:50.761028412Z"}]}
[debug] [2025-06-22T04:31:22.037Z] Checked if tokens are valid: true, expires at: 1750569963127
[debug] [2025-06-22T04:31:22.037Z] Checked if tokens are valid: true, expires at: 1750569963127
[debug] [2025-06-22T04:31:22.037Z] >>> [apiv2][query] GET https://runtimeconfig.googleapis.com/v1beta1/projects/billr-7f713/configs/resend/variables/api_key [none]
[debug] [2025-06-22T04:31:22.207Z] <<< [apiv2][status] GET https://runtimeconfig.googleapis.com/v1beta1/projects/billr-7f713/configs/email/variables/user 200
[debug] [2025-06-22T04:31:22.207Z] <<< [apiv2][body] GET https://runtimeconfig.googleapis.com/v1beta1/projects/billr-7f713/configs/email/variables/user {"name":"projects/billr-7f713/configs/email/variables/user","updateTime":"2025-06-21T18:22:24.873879975Z","text":"aditya.mak08@gmail.com"}
[debug] [2025-06-22T04:31:22.223Z] <<< [apiv2][status] GET https://runtimeconfig.googleapis.com/v1beta1/projects/billr-7f713/configs/stripe/variables/webhook_secret 200
[debug] [2025-06-22T04:31:22.223Z] <<< [apiv2][body] GET https://runtimeconfig.googleapis.com/v1beta1/projects/billr-7f713/configs/stripe/variables/webhook_secret {"name":"projects/billr-7f713/configs/stripe/variables/webhook_secret","updateTime":"2025-06-21T18:22:37.907770556Z","text":"whsec_placeholder"}
[debug] [2025-06-22T04:31:22.223Z] <<< [apiv2][status] GET https://runtimeconfig.googleapis.com/v1beta1/projects/billr-7f713/configs/stripe/variables/secret_key 200
[debug] [2025-06-22T04:31:22.223Z] <<< [apiv2][body] GET https://runtimeconfig.googleapis.com/v1beta1/projects/billr-7f713/configs/stripe/variables/secret_key {"name":"projects/billr-7f713/configs/stripe/variables/secret_key","updateTime":"2025-06-21T18:22:38.629705567Z","text":"sk_test_placeholder"}
[debug] [2025-06-22T04:31:22.224Z] <<< [apiv2][status] GET https://runtimeconfig.googleapis.com/v1beta1/projects/billr-7f713/configs/app/variables/url 200
[debug] [2025-06-22T04:31:22.224Z] <<< [apiv2][body] GET https://runtimeconfig.googleapis.com/v1beta1/projects/billr-7f713/configs/app/variables/url {"name":"projects/billr-7f713/configs/app/variables/url","updateTime":"2025-06-21T22:52:50.760635782Z","text":"https://billr.biz"}
[debug] [2025-06-22T04:31:22.224Z] <<< [apiv2][status] GET https://runtimeconfig.googleapis.com/v1beta1/projects/billr-7f713/configs/resend/variables/api_key 200
[debug] [2025-06-22T04:31:22.224Z] <<< [apiv2][body] GET https://runtimeconfig.googleapis.com/v1beta1/projects/billr-7f713/configs/resend/variables/api_key {"name":"projects/billr-7f713/configs/resend/variables/api_key","updateTime":"2025-06-21T22:52:50.761028412Z","text":"re_cHv6uJZY_9dA7naikdr5mkLRdqMHeBGNP"}
[debug] [2025-06-22T04:31:22.226Z] Validating nodejs source
[warn] ⚠  functions: Runtime Node.js 18 was deprecated on 2025-04-30 and will be decommissioned on 2025-10-31, after which you will not be able to deploy without upgrading. Consider upgrading now to avoid disruption. See https://cloud.google.com/functions/docs/runtime-support for full details on the lifecycle policy 
[debug] [2025-06-22T04:31:22.956Z] > [functions] package.json contents: {
  "name": "billr-functions",
  "description": "Firebase Cloud Functions for Billr invoicing system",
  "scripts": {
    "serve": "firebase emulators:start --only functions",
    "shell": "firebase functions:shell",
    "start": "npm run shell",
    "deploy": "firebase deploy --only functions",
    "logs": "firebase functions:log"
  },
  "engines": {
    "node": "18"
  },
  "main": "index.js",
  "dependencies": {
    "firebase-admin": "^11.8.0",
    "firebase-functions": "^6.3.2",
    "nodemailer": "^6.9.3",
    "resend": "^4.6.0",
    "stripe": "^18.2.1"
  },
  "devDependencies": {
    "firebase-functions-test": "^3.1.0"
  },
  "private": true
}
[debug] [2025-06-22T04:31:22.957Z] Building nodejs source
[info] i  functions: Loading and analyzing source code for codebase default to determine what to deploy 
[debug] [2025-06-22T04:31:22.958Z] Could not find functions.yaml. Must use http discovery
[debug] [2025-06-22T04:31:22.965Z] Found firebase-functions binary at '/Users/jacob/Downloads/Billr/functions/node_modules/.bin/firebase-functions'
[info] Serving at port 8305

[debug] [2025-06-22T04:31:23.305Z] Got response from /__/functions.yaml {"endpoints":{"sendInvoiceEmail":{"availableMemoryMb":null,"timeoutSeconds":null,"minInstances":null,"maxInstances":null,"ingressSettings":null,"concurrency":null,"serviceAccountEmail":null,"vpc":null,"platform":"gcfv2","secretEnvironmentVariables":[{"key":"RESEND_API_KEY"}],"labels":{},"callableTrigger":{},"entryPoint":"sendInvoiceEmail"},"handlePaymentWebhook":{"availableMemoryMb":null,"timeoutSeconds":null,"minInstances":null,"maxInstances":null,"ingressSettings":null,"concurrency":null,"serviceAccountEmail":null,"vpc":null,"platform":"gcfv2","labels":{},"httpsTrigger":{},"entryPoint":"handlePaymentWebhook"},"createPaymentLink":{"availableMemoryMb":null,"timeoutSeconds":null,"minInstances":null,"maxInstances":null,"ingressSettings":null,"concurrency":null,"serviceAccountEmail":null,"vpc":null,"platform":"gcfv2","labels":{},"callableTrigger":{},"entryPoint":"createPaymentLink"},"checkOverdueInvoices":{"availableMemoryMb":null,"timeoutSeconds":null,"minInstances":null,"maxInstances":null,"ingressSettings":null,"concurrency":null,"serviceAccountEmail":null,"vpc":null,"platform":"gcfv2","labels":{},"scheduleTrigger":{"schedule":"0 9 * * *","retryConfig":{"retryCount":null,"maxDoublings":null,"maxRetrySeconds":null,"minBackoffSeconds":null,"maxBackoffSeconds":null},"timeZone":null},"entryPoint":"checkOverdueInvoices"}},"specVersion":"v1alpha1","requiredAPIs":[{"api":"cloudscheduler.googleapis.com","reason":"Needed for scheduled functions."}],"extensions":{},"params":[{"type":"secret","name":"RESEND_API_KEY"}]}
[info] i  extensions: ensuring required API firebaseextensions.googleapis.com is enabled... 
[debug] [2025-06-22T04:31:23.329Z] Checked if tokens are valid: true, expires at: 1750569963127
[debug] [2025-06-22T04:31:23.329Z] Checked if tokens are valid: true, expires at: 1750569963127
[debug] [2025-06-22T04:31:23.329Z] >>> [apiv2][query] GET https://serviceusage.googleapis.com/v1/projects/billr-7f713/services/firebaseextensions.googleapis.com [none]
[debug] [2025-06-22T04:31:23.329Z] >>> [apiv2][(partial)header] GET https://serviceusage.googleapis.com/v1/projects/billr-7f713/services/firebaseextensions.googleapis.com x-goog-quota-user=projects/billr-7f713
[debug] [2025-06-22T04:31:23.613Z] <<< [apiv2][status] GET https://serviceusage.googleapis.com/v1/projects/billr-7f713/services/firebaseextensions.googleapis.com 200
[debug] [2025-06-22T04:31:23.613Z] <<< [apiv2][body] GET https://serviceusage.googleapis.com/v1/projects/billr-7f713/services/firebaseextensions.googleapis.com [omitted]
[info] ✔  extensions: required API firebaseextensions.googleapis.com is enabled 
[debug] [2025-06-22T04:31:23.613Z] > command requires scopes: ["email","openid","https://www.googleapis.com/auth/cloudplatformprojects.readonly","https://www.googleapis.com/auth/firebase","https://www.googleapis.com/auth/cloud-platform"]
[debug] [2025-06-22T04:31:23.614Z] > authorizing via signed-in user (aditya.mak08@gmail.com)
[debug] [2025-06-22T04:31:23.614Z] [iam] checking project billr-7f713 for permissions ["firebase.projects.get","firebaseextensions.instances.list"]
[debug] [2025-06-22T04:31:23.614Z] Checked if tokens are valid: true, expires at: 1750569963127
[debug] [2025-06-22T04:31:23.614Z] Checked if tokens are valid: true, expires at: 1750569963127
[debug] [2025-06-22T04:31:23.614Z] >>> [apiv2][query] POST https://cloudresourcemanager.googleapis.com/v1/projects/billr-7f713:testIamPermissions [none]
[debug] [2025-06-22T04:31:23.614Z] >>> [apiv2][(partial)header] POST https://cloudresourcemanager.googleapis.com/v1/projects/billr-7f713:testIamPermissions x-goog-quota-user=projects/billr-7f713
[debug] [2025-06-22T04:31:23.614Z] >>> [apiv2][body] POST https://cloudresourcemanager.googleapis.com/v1/projects/billr-7f713:testIamPermissions {"permissions":["firebase.projects.get","firebaseextensions.instances.list"]}
[debug] [2025-06-22T04:31:23.872Z] <<< [apiv2][status] POST https://cloudresourcemanager.googleapis.com/v1/projects/billr-7f713:testIamPermissions 200
[debug] [2025-06-22T04:31:23.872Z] <<< [apiv2][body] POST https://cloudresourcemanager.googleapis.com/v1/projects/billr-7f713:testIamPermissions {"permissions":["firebase.projects.get","firebaseextensions.instances.list"]}
[debug] [2025-06-22T04:31:23.873Z] Checked if tokens are valid: true, expires at: 1750569963127
[debug] [2025-06-22T04:31:23.873Z] Checked if tokens are valid: true, expires at: 1750569963127
[debug] [2025-06-22T04:31:23.873Z] >>> [apiv2][query] GET https://firebaseextensions.googleapis.com/v1beta/projects/billr-7f713/instances pageSize=100&pageToken=
[debug] [2025-06-22T04:31:24.240Z] <<< [apiv2][status] GET https://firebaseextensions.googleapis.com/v1beta/projects/billr-7f713/instances 200
[debug] [2025-06-22T04:31:24.241Z] <<< [apiv2][body] GET https://firebaseextensions.googleapis.com/v1beta/projects/billr-7f713/instances {}
[debug] [2025-06-22T04:31:24.242Z] Checked if tokens are valid: true, expires at: 1750569963127
[debug] [2025-06-22T04:31:24.242Z] Checked if tokens are valid: true, expires at: 1750569963127
[debug] [2025-06-22T04:31:24.242Z] >>> [apiv2][query] GET https://secretmanager.googleapis.com/v1/projects/billr-7f713/secrets/RESEND_API_KEY [none]
[debug] [2025-06-22T04:31:24.457Z] <<< [apiv2][status] GET https://secretmanager.googleapis.com/v1/projects/billr-7f713/secrets/RESEND_API_KEY 200
[debug] [2025-06-22T04:31:24.457Z] <<< [apiv2][body] GET https://secretmanager.googleapis.com/v1/projects/billr-7f713/secrets/RESEND_API_KEY {"name":"projects/579276646722/secrets/RESEND_API_KEY","replication":{"automatic":{}},"createTime":"2025-06-21T22:55:56.180185Z","labels":{"firebase-managed":"functions"},"etag":"\"16381ce1a69a8c\""}
[debug] [2025-06-22T04:31:24.459Z] Checked if tokens are valid: true, expires at: 1750569963127
[debug] [2025-06-22T04:31:24.459Z] Checked if tokens are valid: true, expires at: 1750569963127
[debug] [2025-06-22T04:31:24.459Z] >>> [apiv2][query] GET https://secretmanager.googleapis.com/v1/projects/billr-7f713/secrets/RESEND_API_KEY/versions/latest [none]
[debug] [2025-06-22T04:31:24.608Z] <<< [apiv2][status] GET https://secretmanager.googleapis.com/v1/projects/billr-7f713/secrets/RESEND_API_KEY/versions/latest 200
[debug] [2025-06-22T04:31:24.608Z] <<< [apiv2][body] GET https://secretmanager.googleapis.com/v1/projects/billr-7f713/secrets/RESEND_API_KEY/versions/latest {"name":"projects/579276646722/secrets/RESEND_API_KEY/versions/1","createTime":"2025-06-21T22:56:50.257995Z","state":"ENABLED","replicationStatus":{"automatic":{}},"etag":"\"16381ce4de004b\""}
[info] i  functions: preparing functions directory for uploading... 
[info] i  functions: packaged /Users/jacob/Downloads/Billr/functions (83.25 KB) for uploading 
[debug] [2025-06-22T04:31:24.654Z] Checked if tokens are valid: true, expires at: 1750569963127
[debug] [2025-06-22T04:31:24.654Z] Checked if tokens are valid: true, expires at: 1750569963127
[debug] [2025-06-22T04:31:24.655Z] >>> [apiv2][query] GET https://cloudfunctions.googleapis.com/v1/projects/billr-7f713/locations/-/functions [none]
[debug] [2025-06-22T04:31:25.199Z] <<< [apiv2][status] GET https://cloudfunctions.googleapis.com/v1/projects/billr-7f713/locations/-/functions 200
[debug] [2025-06-22T04:31:25.199Z] <<< [apiv2][body] GET https://cloudfunctions.googleapis.com/v1/projects/billr-7f713/locations/-/functions {}
[debug] [2025-06-22T04:31:25.199Z] Checked if tokens are valid: true, expires at: 1750569963127
[debug] [2025-06-22T04:31:25.200Z] Checked if tokens are valid: true, expires at: 1750569963127
[debug] [2025-06-22T04:31:25.200Z] >>> [apiv2][query] GET https://cloudfunctions.googleapis.com/v2/projects/billr-7f713/locations/-/functions filter=environment%3D%22GEN_2%22
[debug] [2025-06-22T04:31:25.754Z] <<< [apiv2][status] GET https://cloudfunctions.googleapis.com/v2/projects/billr-7f713/locations/-/functions 200
[debug] [2025-06-22T04:31:25.755Z] <<< [apiv2][body] GET https://cloudfunctions.googleapis.com/v2/projects/billr-7f713/locations/-/functions {"functions":[{"name":"projects/billr-7f713/locations/us-central1/functions/checkStripeAccountStatus","buildConfig":{"build":"projects/579276646722/locations/us-central1/builds/da1bd37d-ba80-41ea-9c31-1b4e33a90144","runtime":"nodejs18","entryPoint":"checkStripeAccountStatus","source":{"storageSource":{"bucket":"gcf-v2-sources-579276646722-us-central1","object":"checkStripeAccountStatus/function-source.zip","generation":"1750557163843639"}},"environmentVariables":{"GOOGLE_NODE_RUN_SCRIPTS":""},"dockerRepository":"projects/billr-7f713/locations/us-central1/repositories/gcf-artifacts","sourceProvenance":{"resolvedStorageSource":{"bucket":"gcf-v2-sources-579276646722-us-central1","object":"checkStripeAccountStatus/function-source.zip","generation":"1750557163843639"}},"dockerRegistry":"ARTIFACT_REGISTRY","serviceAccount":"projects/billr-7f713/serviceAccounts/579276646722-compute@developer.gserviceaccount.com","automaticUpdatePolicy":{}},"serviceConfig":{"service":"projects/billr-7f713/locations/us-central1/services/checkstripeaccountstatus","timeoutSeconds":60,"environmentVariables":{"FIREBASE_CONFIG":"{\"projectId\":\"billr-7f713\",\"storageBucket\":\"billr-7f713.firebasestorage.app\"}","GCLOUD_PROJECT":"billr-7f713","EVENTARC_CLOUD_EVENT_SOURCE":"projects/billr-7f713/locations/us-central1/services/checkStripeAccountStatus","FUNCTION_TARGET":"checkStripeAccountStatus","LOG_EXECUTION_ID":"true","FUNCTION_SIGNATURE_TYPE":"http"},"maxInstanceCount":20,"ingressSettings":"ALLOW_ALL","uri":"https://checkstripeaccountstatus-xaidytqw3q-uc.a.run.app","serviceAccountEmail":"579276646722-compute@developer.gserviceaccount.com","availableMemory":"256Mi","allTrafficOnLatestRevision":true,"secretEnvironmentVariables":[{"key":"STRIPE_SECRET_KEY","projectId":"billr-7f713","secret":"STRIPE_SECRET_KEY","version":"3"}],"revision":"checkstripeaccountstatus-00003-xen","maxInstanceRequestConcurrency":80,"availableCpu":"1"},"state":"ACTIVE","updateTime":"2025-06-22T01:52:52.344411939Z","labels":{"firebase-functions-hash":"f698ed1c7e30b6fd237c01989a24a98da53349a6","deployment-tool":"cli-firebase","deployment-callable":"true"},"environment":"GEN_2","url":"https://us-central1-billr-7f713.cloudfunctions.net/checkStripeAccountStatus","createTime":"2025-06-22T01:39:32.095659034Z","satisfiesPzi":true},{"name":"projects/billr-7f713/locations/us-central1/functions/handlePaymentWebhook","buildConfig":{"build":"projects/579276646722/locations/us-central1/builds/2503acbd-a317-499d-935e-36b35d5d9542","runtime":"nodejs18","entryPoint":"handlePaymentWebhook","source":{"storageSource":{"bucket":"gcf-v2-sources-579276646722-us-central1","object":"handlePaymentWebhook/function-source.zip","generation":"1750556372419741"}},"environmentVariables":{"GOOGLE_NODE_RUN_SCRIPTS":""},"dockerRepository":"projects/billr-7f713/locations/us-central1/repositories/gcf-artifacts","sourceProvenance":{"resolvedStorageSource":{"bucket":"gcf-v2-sources-579276646722-us-central1","object":"handlePaymentWebhook/function-source.zip","generation":"1750556372419741"}},"dockerRegistry":"ARTIFACT_REGISTRY","serviceAccount":"projects/billr-7f713/serviceAccounts/579276646722-compute@developer.gserviceaccount.com","automaticUpdatePolicy":{}},"serviceConfig":{"service":"projects/billr-7f713/locations/us-central1/services/handlepaymentwebhook","timeoutSeconds":60,"environmentVariables":{"FIREBASE_CONFIG":"{\"projectId\":\"billr-7f713\",\"storageBucket\":\"billr-7f713.firebasestorage.app\"}","GCLOUD_PROJECT":"billr-7f713","EVENTARC_CLOUD_EVENT_SOURCE":"projects/billr-7f713/locations/us-central1/services/handlePaymentWebhook","FUNCTION_TARGET":"handlePaymentWebhook","LOG_EXECUTION_ID":"true","FUNCTION_SIGNATURE_TYPE":"http"},"maxInstanceCount":20,"ingressSettings":"ALLOW_ALL","uri":"https://handlepaymentwebhook-xaidytqw3q-uc.a.run.app","serviceAccountEmail":"579276646722-compute@developer.gserviceaccount.com","availableMemory":"256Mi","allTrafficOnLatestRevision":true,"revision":"handlepaymentwebhook-00007-rep","maxInstanceRequestConcurrency":80,"availableCpu":"1"},"state":"ACTIVE","updateTime":"2025-06-22T01:39:43.786099948Z","labels":{"deployment-tool":"cli-firebase","firebase-functions-hash":"4e3b5c0603ee2891a0025d6c8d28e1cced37d464"},"environment":"GEN_2","url":"https://us-central1-billr-7f713.cloudfunctions.net/handlePaymentWebhook","createTime":"2025-06-21T22:54:53.436821863Z","satisfiesPzi":true},{"name":"projects/billr-7f713/locations/us-central1/functions/createPaymentLink","buildConfig":{"build":"projects/579276646722/locations/us-central1/builds/2503acbd-a317-499d-935e-36b35d5d9542","runtime":"nodejs18","entryPoint":"createPaymentLink","source":{"storageSource":{"bucket":"gcf-v2-sources-579276646722-us-central1","object":"createPaymentLink/function-source.zip","generation":"1750556372380103"}},"environmentVariables":{"GOOGLE_NODE_RUN_SCRIPTS":""},"dockerRepository":"projects/billr-7f713/locations/us-central1/repositories/gcf-artifacts","sourceProvenance":{"resolvedStorageSource":{"bucket":"gcf-v2-sources-579276646722-us-central1","object":"createPaymentLink/function-source.zip","generation":"1750556372380103"}},"dockerRegistry":"ARTIFACT_REGISTRY","serviceAccount":"projects/billr-7f713/serviceAccounts/579276646722-compute@developer.gserviceaccount.com","automaticUpdatePolicy":{}},"serviceConfig":{"service":"projects/billr-7f713/locations/us-central1/services/createpaymentlink","timeoutSeconds":60,"environmentVariables":{"FIREBASE_CONFIG":"{\"projectId\":\"billr-7f713\",\"storageBucket\":\"billr-7f713.firebasestorage.app\"}","GCLOUD_PROJECT":"billr-7f713","EVENTARC_CLOUD_EVENT_SOURCE":"projects/billr-7f713/locations/us-central1/services/createPaymentLink","FUNCTION_TARGET":"createPaymentLink","LOG_EXECUTION_ID":"true","FUNCTION_SIGNATURE_TYPE":"http"},"maxInstanceCount":20,"ingressSettings":"ALLOW_ALL","uri":"https://createpaymentlink-xaidytqw3q-uc.a.run.app","serviceAccountEmail":"579276646722-compute@developer.gserviceaccount.com","availableMemory":"256Mi","allTrafficOnLatestRevision":true,"revision":"createpaymentlink-00007-new","maxInstanceRequestConcurrency":80,"availableCpu":"1"},"state":"ACTIVE","updateTime":"2025-06-22T01:39:44.021051419Z","labels":{"firebase-functions-hash":"4e3b5c0603ee2891a0025d6c8d28e1cced37d464","deployment-tool":"cli-firebase","deployment-callable":"true"},"environment":"GEN_2","url":"https://us-central1-billr-7f713.cloudfunctions.net/createPaymentLink","createTime":"2025-06-21T22:54:53.454731066Z","satisfiesPzi":true},{"name":"projects/billr-7f713/locations/us-central1/functions/stripeWebhook","buildConfig":{"build":"projects/579276646722/locations/us-central1/builds/da1bd37d-ba80-41ea-9c31-1b4e33a90144","runtime":"nodejs18","entryPoint":"stripeWebhook","source":{"storageSource":{"bucket":"gcf-v2-sources-579276646722-us-central1","object":"stripeWebhook/function-source.zip","generation":"1750557163612690"}},"environmentVariables":{"GOOGLE_NODE_RUN_SCRIPTS":""},"dockerRepository":"projects/billr-7f713/locations/us-central1/repositories/gcf-artifacts","sourceProvenance":{"resolvedStorageSource":{"bucket":"gcf-v2-sources-579276646722-us-central1","object":"stripeWebhook/function-source.zip","generation":"1750557163612690"}},"dockerRegistry":"ARTIFACT_REGISTRY","serviceAccount":"projects/billr-7f713/serviceAccounts/579276646722-compute@developer.gserviceaccount.com","automaticUpdatePolicy":{}},"serviceConfig":{"service":"projects/billr-7f713/locations/us-central1/services/stripewebhook","timeoutSeconds":60,"environmentVariables":{"FIREBASE_CONFIG":"{\"projectId\":\"billr-7f713\",\"storageBucket\":\"billr-7f713.firebasestorage.app\"}","GCLOUD_PROJECT":"billr-7f713","EVENTARC_CLOUD_EVENT_SOURCE":"projects/billr-7f713/locations/us-central1/services/stripeWebhook","FUNCTION_TARGET":"stripeWebhook","LOG_EXECUTION_ID":"true","FUNCTION_SIGNATURE_TYPE":"http"},"maxInstanceCount":20,"ingressSettings":"ALLOW_ALL","uri":"https://stripewebhook-xaidytqw3q-uc.a.run.app","serviceAccountEmail":"579276646722-compute@developer.gserviceaccount.com","availableMemory":"256Mi","allTrafficOnLatestRevision":true,"secretEnvironmentVariables":[{"key":"STRIPE_SECRET_KEY","projectId":"billr-7f713","secret":"STRIPE_SECRET_KEY","version":"3"}],"revision":"stripewebhook-00003-fub","maxInstanceRequestConcurrency":80,"availableCpu":"1"},"state":"ACTIVE","updateTime":"2025-06-22T01:52:53.037509202Z","labels":{"deployment-tool":"cli-firebase","firebase-functions-hash":"f698ed1c7e30b6fd237c01989a24a98da53349a6"},"environment":"GEN_2","url":"https://us-central1-billr-7f713.cloudfunctions.net/stripeWebhook","createTime":"2025-06-22T01:39:32.010076778Z","satisfiesPzi":true},{"name":"projects/billr-7f713/locations/us-central1/functions/createPaymentSession","buildConfig":{"build":"projects/579276646722/locations/us-central1/builds/da1bd37d-ba80-41ea-9c31-1b4e33a90144","runtime":"nodejs18","entryPoint":"createPaymentSession","source":{"storageSource":{"bucket":"gcf-v2-sources-579276646722-us-central1","object":"createPaymentSession/function-source.zip","generation":"1750557163720776"}},"environmentVariables":{"GOOGLE_NODE_RUN_SCRIPTS":""},"dockerRepository":"projects/billr-7f713/locations/us-central1/repositories/gcf-artifacts","sourceProvenance":{"resolvedStorageSource":{"bucket":"gcf-v2-sources-579276646722-us-central1","object":"createPaymentSession/function-source.zip","generation":"1750557163720776"}},"dockerRegistry":"ARTIFACT_REGISTRY","serviceAccount":"projects/billr-7f713/serviceAccounts/579276646722-compute@developer.gserviceaccount.com","automaticUpdatePolicy":{}},"serviceConfig":{"service":"projects/billr-7f713/locations/us-central1/services/createpaymentsession","timeoutSeconds":60,"environmentVariables":{"FIREBASE_CONFIG":"{\"projectId\":\"billr-7f713\",\"storageBucket\":\"billr-7f713.firebasestorage.app\"}","GCLOUD_PROJECT":"billr-7f713","EVENTARC_CLOUD_EVENT_SOURCE":"projects/billr-7f713/locations/us-central1/services/createPaymentSession","FUNCTION_TARGET":"createPaymentSession","LOG_EXECUTION_ID":"true","FUNCTION_SIGNATURE_TYPE":"http"},"maxInstanceCount":20,"ingressSettings":"ALLOW_ALL","uri":"https://createpaymentsession-xaidytqw3q-uc.a.run.app","serviceAccountEmail":"579276646722-compute@developer.gserviceaccount.com","availableMemory":"256Mi","allTrafficOnLatestRevision":true,"secretEnvironmentVariables":[{"key":"STRIPE_SECRET_KEY","projectId":"billr-7f713","secret":"STRIPE_SECRET_KEY","version":"3"}],"revision":"createpaymentsession-00003-vod","maxInstanceRequestConcurrency":80,"availableCpu":"1"},"state":"ACTIVE","updateTime":"2025-06-22T01:52:52.793619714Z","labels":{"deployment-tool":"cli-firebase","deployment-callable":"true","firebase-functions-hash":"f698ed1c7e30b6fd237c01989a24a98da53349a6"},"environment":"GEN_2","url":"https://us-central1-billr-7f713.cloudfunctions.net/createPaymentSession","createTime":"2025-06-22T01:39:32.078923493Z","satisfiesPzi":true},{"name":"projects/billr-7f713/locations/us-central1/functions/checkOverdueInvoices","buildConfig":{"build":"projects/579276646722/locations/us-central1/builds/2503acbd-a317-499d-935e-36b35d5d9542","runtime":"nodejs18","entryPoint":"checkOverdueInvoices","source":{"storageSource":{"bucket":"gcf-v2-sources-579276646722-us-central1","object":"checkOverdueInvoices/function-source.zip","generation":"1750556372439320"}},"environmentVariables":{"GOOGLE_NODE_RUN_SCRIPTS":""},"dockerRepository":"projects/billr-7f713/locations/us-central1/repositories/gcf-artifacts","sourceProvenance":{"resolvedStorageSource":{"bucket":"gcf-v2-sources-579276646722-us-central1","object":"checkOverdueInvoices/function-source.zip","generation":"1750556372439320"}},"dockerRegistry":"ARTIFACT_REGISTRY","serviceAccount":"projects/billr-7f713/serviceAccounts/579276646722-compute@developer.gserviceaccount.com","automaticUpdatePolicy":{}},"serviceConfig":{"service":"projects/billr-7f713/locations/us-central1/services/checkoverdueinvoices","timeoutSeconds":60,"environmentVariables":{"FIREBASE_CONFIG":"{\"projectId\":\"billr-7f713\",\"storageBucket\":\"billr-7f713.firebasestorage.app\"}","GCLOUD_PROJECT":"billr-7f713","EVENTARC_CLOUD_EVENT_SOURCE":"projects/billr-7f713/locations/us-central1/services/checkOverdueInvoices","FUNCTION_TARGET":"checkOverdueInvoices","LOG_EXECUTION_ID":"true","FUNCTION_SIGNATURE_TYPE":"http"},"maxInstanceCount":20,"ingressSettings":"ALLOW_ALL","uri":"https://checkoverdueinvoices-xaidytqw3q-uc.a.run.app","serviceAccountEmail":"579276646722-compute@developer.gserviceaccount.com","availableMemory":"256Mi","allTrafficOnLatestRevision":true,"revision":"checkoverdueinvoices-00007-hig","maxInstanceRequestConcurrency":80,"availableCpu":"1"},"state":"ACTIVE","updateTime":"2025-06-22T01:39:43.808601017Z","labels":{"deployment-tool":"cli-firebase","deployment-scheduled":"true","firebase-functions-hash":"4e3b5c0603ee2891a0025d6c8d28e1cced37d464"},"environment":"GEN_2","url":"https://us-central1-billr-7f713.cloudfunctions.net/checkOverdueInvoices","createTime":"2025-06-21T22:54:53.558591182Z","satisfiesPzi":true},{"name":"projects/billr-7f713/locations/us-central1/functions/sendInvoiceEmail","buildConfig":{"build":"projects/579276646722/locations/us-central1/builds/2503acbd-a317-499d-935e-36b35d5d9542","runtime":"nodejs18","entryPoint":"sendInvoiceEmail","source":{"storageSource":{"bucket":"gcf-v2-sources-579276646722-us-central1","object":"sendInvoiceEmail/function-source.zip","generation":"1750556372359421"}},"environmentVariables":{"GOOGLE_NODE_RUN_SCRIPTS":""},"dockerRepository":"projects/billr-7f713/locations/us-central1/repositories/gcf-artifacts","sourceProvenance":{"resolvedStorageSource":{"bucket":"gcf-v2-sources-579276646722-us-central1","object":"sendInvoiceEmail/function-source.zip","generation":"1750556372359421"}},"dockerRegistry":"ARTIFACT_REGISTRY","serviceAccount":"projects/billr-7f713/serviceAccounts/579276646722-compute@developer.gserviceaccount.com","automaticUpdatePolicy":{}},"serviceConfig":{"service":"projects/billr-7f713/locations/us-central1/services/sendinvoiceemail","timeoutSeconds":60,"environmentVariables":{"FIREBASE_CONFIG":"{\"projectId\":\"billr-7f713\",\"storageBucket\":\"billr-7f713.firebasestorage.app\"}","GCLOUD_PROJECT":"billr-7f713","EVENTARC_CLOUD_EVENT_SOURCE":"projects/billr-7f713/locations/us-central1/services/sendInvoiceEmail","FUNCTION_TARGET":"sendInvoiceEmail","LOG_EXECUTION_ID":"true","FUNCTION_SIGNATURE_TYPE":"http"},"maxInstanceCount":20,"ingressSettings":"ALLOW_ALL","uri":"https://sendinvoiceemail-xaidytqw3q-uc.a.run.app","serviceAccountEmail":"579276646722-compute@developer.gserviceaccount.com","availableMemory":"256Mi","allTrafficOnLatestRevision":true,"secretEnvironmentVariables":[{"key":"RESEND_API_KEY","projectId":"billr-7f713","secret":"RESEND_API_KEY","version":"1"}],"revision":"sendinvoiceemail-00013-neg","maxInstanceRequestConcurrency":80,"availableCpu":"1"},"state":"ACTIVE","updateTime":"2025-06-22T01:39:44.218976723Z","labels":{"deployment-tool":"cli-firebase","deployment-callable":"true","firebase-functions-hash":"c76e0a27ff5d777e1919f5e77d098aa1fd024938"},"environment":"GEN_2","url":"https://us-central1-billr-7f713.cloudfunctions.net/sendInvoiceEmail","createTime":"2025-06-21T22:53:33.594598787Z","satisfiesPzi":true},{"name":"projects/billr-7f713/locations/us-central1/functions/getPaymentLink","buildConfig":{"build":"projects/579276646722/locations/us-central1/builds/2503acbd-a317-499d-935e-36b35d5d9542","runtime":"nodejs18","entryPoint":"getPaymentLink","source":{"storageSource":{"bucket":"gcf-v2-sources-579276646722-us-central1","object":"getPaymentLink/function-source.zip","generation":"1750556371881180"}},"environmentVariables":{"GOOGLE_NODE_RUN_SCRIPTS":""},"dockerRepository":"projects/billr-7f713/locations/us-central1/repositories/gcf-artifacts","sourceProvenance":{"resolvedStorageSource":{"bucket":"gcf-v2-sources-579276646722-us-central1","object":"getPaymentLink/function-source.zip","generation":"1750556371881180"}},"dockerRegistry":"ARTIFACT_REGISTRY","serviceAccount":"projects/billr-7f713/serviceAccounts/579276646722-compute@developer.gserviceaccount.com","automaticUpdatePolicy":{}},"serviceConfig":{"service":"projects/billr-7f713/locations/us-central1/services/getpaymentlink","timeoutSeconds":60,"environmentVariables":{"FIREBASE_CONFIG":"{\"projectId\":\"billr-7f713\",\"storageBucket\":\"billr-7f713.firebasestorage.app\"}","GCLOUD_PROJECT":"billr-7f713","EVENTARC_CLOUD_EVENT_SOURCE":"projects/billr-7f713/locations/us-central1/services/getPaymentLink","FUNCTION_TARGET":"getPaymentLink","LOG_EXECUTION_ID":"true","FUNCTION_SIGNATURE_TYPE":"http"},"maxInstanceCount":20,"ingressSettings":"ALLOW_ALL","uri":"https://getpaymentlink-xaidytqw3q-uc.a.run.app","serviceAccountEmail":"579276646722-compute@developer.gserviceaccount.com","availableMemory":"256Mi","allTrafficOnLatestRevision":true,"revision":"getpaymentlink-00001-sav","maxInstanceRequestConcurrency":80,"availableCpu":"1"},"state":"ACTIVE","updateTime":"2025-06-22T01:39:44.025629881Z","labels":{"deployment-tool":"cli-firebase","firebase-functions-hash":"4e3b5c0603ee2891a0025d6c8d28e1cced37d464"},"environment":"GEN_2","url":"https://us-central1-billr-7f713.cloudfunctions.net/getPaymentLink","createTime":"2025-06-22T01:39:32.096673515Z","satisfiesPzi":true},{"name":"projects/billr-7f713/locations/us-central1/functions/createStripeOnboardingLink","buildConfig":{"build":"projects/579276646722/locations/us-central1/builds/da1bd37d-ba80-41ea-9c31-1b4e33a90144","runtime":"nodejs18","entryPoint":"createStripeOnboardingLink","source":{"storageSource":{"bucket":"gcf-v2-sources-579276646722-us-central1","object":"createStripeOnboardingLink/function-source.zip","generation":"1750557163725487"}},"environmentVariables":{"GOOGLE_NODE_RUN_SCRIPTS":""},"dockerRepository":"projects/billr-7f713/locations/us-central1/repositories/gcf-artifacts","sourceProvenance":{"resolvedStorageSource":{"bucket":"gcf-v2-sources-579276646722-us-central1","object":"createStripeOnboardingLink/function-source.zip","generation":"1750557163725487"}},"dockerRegistry":"ARTIFACT_REGISTRY","serviceAccount":"projects/billr-7f713/serviceAccounts/579276646722-compute@developer.gserviceaccount.com","automaticUpdatePolicy":{}},"serviceConfig":{"service":"projects/billr-7f713/locations/us-central1/services/createstripeonboardinglink","timeoutSeconds":60,"environmentVariables":{"FIREBASE_CONFIG":"{\"projectId\":\"billr-7f713\",\"storageBucket\":\"billr-7f713.firebasestorage.app\"}","GCLOUD_PROJECT":"billr-7f713","EVENTARC_CLOUD_EVENT_SOURCE":"projects/billr-7f713/locations/us-central1/services/createStripeOnboardingLink","FUNCTION_TARGET":"createStripeOnboardingLink","LOG_EXECUTION_ID":"true","FUNCTION_SIGNATURE_TYPE":"http"},"maxInstanceCount":20,"ingressSettings":"ALLOW_ALL","uri":"https://createstripeonboardinglink-xaidytqw3q-uc.a.run.app","serviceAccountEmail":"579276646722-compute@developer.gserviceaccount.com","availableMemory":"256Mi","allTrafficOnLatestRevision":true,"secretEnvironmentVariables":[{"key":"STRIPE_SECRET_KEY","projectId":"billr-7f713","secret":"STRIPE_SECRET_KEY","version":"3"}],"revision":"createstripeonboardinglink-00003-coy","maxInstanceRequestConcurrency":80,"availableCpu":"1"},"state":"ACTIVE","updateTime":"2025-06-22T01:52:52.614469104Z","labels":{"firebase-functions-hash":"f698ed1c7e30b6fd237c01989a24a98da53349a6","deployment-tool":"cli-firebase","deployment-callable":"true"},"environment":"GEN_2","url":"https://us-central1-billr-7f713.cloudfunctions.net/createStripeOnboardingLink","createTime":"2025-06-22T01:39:32.121890915Z","satisfiesPzi":true},{"name":"projects/billr-7f713/locations/us-central1/functions/createStripeAccount","buildConfig":{"build":"projects/579276646722/locations/us-central1/builds/da1bd37d-ba80-41ea-9c31-1b4e33a90144","runtime":"nodejs18","entryPoint":"createStripeAccount","source":{"storageSource":{"bucket":"gcf-v2-sources-579276646722-us-central1","object":"createStripeAccount/function-source.zip","generation":"1750557114305381"}},"environmentVariables":{"GOOGLE_NODE_RUN_SCRIPTS":""},"dockerRepository":"projects/billr-7f713/locations/us-central1/repositories/gcf-artifacts","sourceProvenance":{"resolvedStorageSource":{"bucket":"gcf-v2-sources-579276646722-us-central1","object":"createStripeAccount/function-source.zip","generation":"1750557114305381"}},"dockerRegistry":"ARTIFACT_REGISTRY","serviceAccount":"projects/billr-7f713/serviceAccounts/579276646722-compute@developer.gserviceaccount.com","automaticUpdatePolicy":{}},"serviceConfig":{"service":"projects/billr-7f713/locations/us-central1/services/createstripeaccount","timeoutSeconds":60,"environmentVariables":{"FIREBASE_CONFIG":"{\"projectId\":\"billr-7f713\",\"storageBucket\":\"billr-7f713.firebasestorage.app\"}","GCLOUD_PROJECT":"billr-7f713","EVENTARC_CLOUD_EVENT_SOURCE":"projects/billr-7f713/locations/us-central1/services/createStripeAccount","FUNCTION_TARGET":"createStripeAccount","LOG_EXECUTION_ID":"true"},"maxInstanceCount":20,"ingressSettings":"ALLOW_ALL","uri":"https://createstripeaccount-xaidytqw3q-uc.a.run.app","serviceAccountEmail":"579276646722-compute@developer.gserviceaccount.com","availableMemory":"256Mi","allTrafficOnLatestRevision":true,"secretEnvironmentVariables":[{"key":"STRIPE_SECRET_KEY","projectId":"billr-7f713","secret":"STRIPE_SECRET_KEY","version":"3"}],"revision":"createstripeaccount-00003-xus","maxInstanceRequestConcurrency":80,"availableCpu":"1"},"state":"ACTIVE","updateTime":"2025-06-22T01:52:52.746084392Z","labels":{"firebase-functions-hash":"f698ed1c7e30b6fd237c01989a24a98da53349a6","deployment-tool":"cli-firebase","deployment-callable":"true"},"environment":"GEN_2","url":"https://us-central1-billr-7f713.cloudfunctions.net/createStripeAccount","createTime":"2025-06-22T01:38:21.886433429Z","satisfiesPzi":true}]}
[info] i  functions: ensuring required API cloudscheduler.googleapis.com is enabled... 
[debug] [2025-06-22T04:31:25.760Z] Checked if tokens are valid: true, expires at: 1750569963127
[debug] [2025-06-22T04:31:25.760Z] Checked if tokens are valid: true, expires at: 1750569963127
[debug] [2025-06-22T04:31:25.760Z] >>> [apiv2][query] GET https://serviceusage.googleapis.com/v1/projects/billr-7f713/services/cloudscheduler.googleapis.com [none]
[debug] [2025-06-22T04:31:25.760Z] >>> [apiv2][(partial)header] GET https://serviceusage.googleapis.com/v1/projects/billr-7f713/services/cloudscheduler.googleapis.com x-goog-quota-user=projects/billr-7f713
[debug] [2025-06-22T04:31:26.089Z] <<< [apiv2][status] GET https://serviceusage.googleapis.com/v1/projects/billr-7f713/services/cloudscheduler.googleapis.com 200
[debug] [2025-06-22T04:31:26.089Z] <<< [apiv2][body] GET https://serviceusage.googleapis.com/v1/projects/billr-7f713/services/cloudscheduler.googleapis.com [omitted]
[info] ✔  functions: required API cloudscheduler.googleapis.com is enabled 
[info] i  functions: ensuring required API run.googleapis.com is enabled... 
[debug] [2025-06-22T04:31:26.090Z] Checked if tokens are valid: true, expires at: 1750569963127
[debug] [2025-06-22T04:31:26.090Z] Checked if tokens are valid: true, expires at: 1750569963127
[info] i  functions: ensuring required API eventarc.googleapis.com is enabled... 
[debug] [2025-06-22T04:31:26.090Z] Checked if tokens are valid: true, expires at: 1750569963127
[debug] [2025-06-22T04:31:26.090Z] Checked if tokens are valid: true, expires at: 1750569963127
[info] i  functions: ensuring required API pubsub.googleapis.com is enabled... 
[debug] [2025-06-22T04:31:26.090Z] Checked if tokens are valid: true, expires at: 1750569963127
[debug] [2025-06-22T04:31:26.090Z] Checked if tokens are valid: true, expires at: 1750569963127
[info] i  functions: ensuring required API storage.googleapis.com is enabled... 
[debug] [2025-06-22T04:31:26.091Z] Checked if tokens are valid: true, expires at: 1750569963127
[debug] [2025-06-22T04:31:26.091Z] Checked if tokens are valid: true, expires at: 1750569963127
[debug] [2025-06-22T04:31:26.091Z] >>> [apiv2][query] GET https://serviceusage.googleapis.com/v1/projects/billr-7f713/services/run.googleapis.com [none]
[debug] [2025-06-22T04:31:26.091Z] >>> [apiv2][(partial)header] GET https://serviceusage.googleapis.com/v1/projects/billr-7f713/services/run.googleapis.com x-goog-quota-user=projects/billr-7f713
[debug] [2025-06-22T04:31:26.092Z] >>> [apiv2][query] GET https://serviceusage.googleapis.com/v1/projects/billr-7f713/services/eventarc.googleapis.com [none]
[debug] [2025-06-22T04:31:26.092Z] >>> [apiv2][(partial)header] GET https://serviceusage.googleapis.com/v1/projects/billr-7f713/services/eventarc.googleapis.com x-goog-quota-user=projects/billr-7f713
[debug] [2025-06-22T04:31:26.094Z] >>> [apiv2][query] GET https://serviceusage.googleapis.com/v1/projects/billr-7f713/services/pubsub.googleapis.com [none]
[debug] [2025-06-22T04:31:26.094Z] >>> [apiv2][(partial)header] GET https://serviceusage.googleapis.com/v1/projects/billr-7f713/services/pubsub.googleapis.com x-goog-quota-user=projects/billr-7f713
[debug] [2025-06-22T04:31:26.096Z] >>> [apiv2][query] GET https://serviceusage.googleapis.com/v1/projects/billr-7f713/services/storage.googleapis.com [none]
[debug] [2025-06-22T04:31:26.096Z] >>> [apiv2][(partial)header] GET https://serviceusage.googleapis.com/v1/projects/billr-7f713/services/storage.googleapis.com x-goog-quota-user=projects/billr-7f713
[debug] [2025-06-22T04:31:26.402Z] <<< [apiv2][status] GET https://serviceusage.googleapis.com/v1/projects/billr-7f713/services/storage.googleapis.com 200
[debug] [2025-06-22T04:31:26.402Z] <<< [apiv2][body] GET https://serviceusage.googleapis.com/v1/projects/billr-7f713/services/storage.googleapis.com [omitted]
[info] ✔  functions: required API storage.googleapis.com is enabled 
[debug] [2025-06-22T04:31:26.414Z] <<< [apiv2][status] GET https://serviceusage.googleapis.com/v1/projects/billr-7f713/services/eventarc.googleapis.com 200
[debug] [2025-06-22T04:31:26.414Z] <<< [apiv2][body] GET https://serviceusage.googleapis.com/v1/projects/billr-7f713/services/eventarc.googleapis.com [omitted]
[info] ✔  functions: required API eventarc.googleapis.com is enabled 
[debug] [2025-06-22T04:31:26.424Z] <<< [apiv2][status] GET https://serviceusage.googleapis.com/v1/projects/billr-7f713/services/run.googleapis.com 200
[debug] [2025-06-22T04:31:26.424Z] <<< [apiv2][body] GET https://serviceusage.googleapis.com/v1/projects/billr-7f713/services/run.googleapis.com [omitted]
[info] ✔  functions: required API run.googleapis.com is enabled 
[debug] [2025-06-22T04:31:26.430Z] <<< [apiv2][status] GET https://serviceusage.googleapis.com/v1/projects/billr-7f713/services/pubsub.googleapis.com 200
[debug] [2025-06-22T04:31:26.430Z] <<< [apiv2][body] GET https://serviceusage.googleapis.com/v1/projects/billr-7f713/services/pubsub.googleapis.com [omitted]
[info] ✔  functions: required API pubsub.googleapis.com is enabled 
[info] i  functions: generating the service identity for pubsub.googleapis.com... 
[debug] [2025-06-22T04:31:26.431Z] Checked if tokens are valid: true, expires at: 1750569963127
[debug] [2025-06-22T04:31:26.431Z] Checked if tokens are valid: true, expires at: 1750569963127
[info] i  functions: generating the service identity for eventarc.googleapis.com... 
[debug] [2025-06-22T04:31:26.431Z] Checked if tokens are valid: true, expires at: 1750569963127
[debug] [2025-06-22T04:31:26.431Z] Checked if tokens are valid: true, expires at: 1750569963127
[debug] [2025-06-22T04:31:26.431Z] >>> [apiv2][query] POST https://serviceusage.googleapis.com/v1beta1/projects/579276646722/services/pubsub.googleapis.com:generateServiceIdentity [none]
[debug] [2025-06-22T04:31:26.433Z] >>> [apiv2][query] POST https://serviceusage.googleapis.com/v1beta1/projects/579276646722/services/eventarc.googleapis.com:generateServiceIdentity [none]
[debug] [2025-06-22T04:31:26.798Z] <<< [apiv2][status] POST https://serviceusage.googleapis.com/v1beta1/projects/579276646722/services/pubsub.googleapis.com:generateServiceIdentity 200
[debug] [2025-06-22T04:31:26.798Z] <<< [apiv2][body] POST https://serviceusage.googleapis.com/v1beta1/projects/579276646722/services/pubsub.googleapis.com:generateServiceIdentity {"name":"operations/finished.DONE_OPERATION","done":true,"response":{"@type":"type.googleapis.com/google.api.serviceusage.v1beta1.ServiceIdentity","email":"service-579276646722@gcp-sa-pubsub.iam.gserviceaccount.com","uniqueId":"117223482360317375205"}}
[debug] [2025-06-22T04:31:26.847Z] <<< [apiv2][status] POST https://serviceusage.googleapis.com/v1beta1/projects/579276646722/services/eventarc.googleapis.com:generateServiceIdentity 200
[debug] [2025-06-22T04:31:26.848Z] <<< [apiv2][body] POST https://serviceusage.googleapis.com/v1beta1/projects/579276646722/services/eventarc.googleapis.com:generateServiceIdentity {"name":"operations/finished.DONE_OPERATION","done":true,"response":{"@type":"type.googleapis.com/google.api.serviceusage.v1beta1.ServiceIdentity","email":"service-579276646722@gcp-sa-eventarc.iam.gserviceaccount.com","uniqueId":"103100108421222918158"}}
[debug] [2025-06-22T04:31:26.849Z] Checked if tokens are valid: true, expires at: 1750569963127
[debug] [2025-06-22T04:31:26.849Z] Checked if tokens are valid: true, expires at: 1750569963127
[debug] [2025-06-22T04:31:26.850Z] >>> [apiv2][query] GET https://secretmanager.googleapis.com/v1/projects/billr-7f713/secrets/RESEND_API_KEY/versions/latest [none]
[debug] [2025-06-22T04:31:27.024Z] <<< [apiv2][status] GET https://secretmanager.googleapis.com/v1/projects/billr-7f713/secrets/RESEND_API_KEY/versions/latest 200
[debug] [2025-06-22T04:31:27.024Z] <<< [apiv2][body] GET https://secretmanager.googleapis.com/v1/projects/billr-7f713/secrets/RESEND_API_KEY/versions/latest {"name":"projects/579276646722/secrets/RESEND_API_KEY/versions/1","createTime":"2025-06-21T22:56:50.257995Z","state":"ENABLED","replicationStatus":{"automatic":{}},"etag":"\"16381ce4de004b\""}
[debug] [2025-06-22T04:31:27.024Z] Resolved secret version of RESEND_API_KEY to 1.
[debug] [2025-06-22T04:31:27.025Z] Checked if tokens are valid: true, expires at: 1750569963127
[debug] [2025-06-22T04:31:27.025Z] Checked if tokens are valid: true, expires at: 1750569963127
[debug] [2025-06-22T04:31:27.025Z] >>> [apiv2][query] GET https://cloudresourcemanager.googleapis.com/v1/projects/billr-7f713 [none]
[debug] [2025-06-22T04:31:27.175Z] <<< [apiv2][status] GET https://cloudresourcemanager.googleapis.com/v1/projects/billr-7f713 200
[debug] [2025-06-22T04:31:27.176Z] <<< [apiv2][body] GET https://cloudresourcemanager.googleapis.com/v1/projects/billr-7f713 {"projectNumber":"579276646722","projectId":"billr-7f713","lifecycleState":"ACTIVE","name":"billr","labels":{"firebase":"enabled","firebase-core":"disabled"},"createTime":"2025-06-21T05:30:10.081522Z"}
[debug] [2025-06-22T04:31:27.178Z] Checked if tokens are valid: true, expires at: 1750569963127
[debug] [2025-06-22T04:31:27.178Z] Checked if tokens are valid: true, expires at: 1750569963127
[debug] [2025-06-22T04:31:27.178Z] >>> [apiv2][query] GET https://cloudbilling.googleapis.com/v1/projects/billr-7f713/billingInfo [none]
[debug] [2025-06-22T04:31:27.441Z] <<< [apiv2][status] GET https://cloudbilling.googleapis.com/v1/projects/billr-7f713/billingInfo 200
[debug] [2025-06-22T04:31:27.442Z] <<< [apiv2][body] GET https://cloudbilling.googleapis.com/v1/projects/billr-7f713/billingInfo {"name":"projects/billr-7f713/billingInfo","projectId":"billr-7f713","billingAccountName":"billingAccounts/01F304-6FE875-DEA522","billingEnabled":true}
[debug] [2025-06-22T04:31:27.443Z] Checked if tokens are valid: true, expires at: 1750569963127
[debug] [2025-06-22T04:31:27.443Z] Checked if tokens are valid: true, expires at: 1750569963127
[debug] [2025-06-22T04:31:27.443Z] >>> [apiv2][query] POST https://cloudfunctions.googleapis.com/v2/projects/billr-7f713/locations/us-central1/functions:generateUploadUrl [none]
[debug] [2025-06-22T04:31:27.832Z] <<< [apiv2][status] POST https://cloudfunctions.googleapis.com/v2/projects/billr-7f713/locations/us-central1/functions:generateUploadUrl 200
[debug] [2025-06-22T04:31:27.832Z] <<< [apiv2][body] POST https://cloudfunctions.googleapis.com/v2/projects/billr-7f713/locations/us-central1/functions:generateUploadUrl {"uploadUrl":"https://storage.googleapis.com/gcf-v2-uploads-579276646722.us-central1.cloudfunctions.appspot.com/2dcebf26-0dc9-4a55-a52c-cdb3c9367712.zip?GoogleAccessId=service-579276646722@gcf-admin-robot.iam.gserviceaccount.com&Expires=1750568487&Signature=YCebCT3Udys8%2FL72qXE0FhDoU4jw8lx27liOJtSPret7nI8BNgcUYAkdonYHPqOa5qUx03vWItbI0sr3ITRTbyR1Pk7p%2F1dPfZHO8QJaWLjjp4ecMjn5Pnau6SaT36StR10gzbfMjPYXzKPcTa00ZK9Ulgi5g1crRrMIF0ZZTCnImavFEUGFHULbk%2BX6srtVjyaY4K%2Brsr7bHdidbI%2BL5zgye5uzdjJ2GWITxMK6TermVR7HBn7x29eoH2OCLGfi1NDd2d1wKXEEfll1rRzV0F0ULd03VzMP7SGdEu3yKxcpS7rxB%2BWc8gPvCra0pQx55cfYxVVRrlnJ0HHc0Sgrpg%3D%3D","storageSource":{"bucket":"gcf-v2-uploads-579276646722.us-central1.cloudfunctions.appspot.com","object":"2dcebf26-0dc9-4a55-a52c-cdb3c9367712.zip"}}
[debug] [2025-06-22T04:31:27.834Z] >>> [apiv2][query] PUT https://storage.googleapis.com/gcf-v2-uploads-579276646722.us-central1.cloudfunctions.appspot.com/2dcebf26-0dc9-4a55-a52c-cdb3c9367712.zip GoogleAccessId=service-579276646722%40gcf-admin-robot.iam.gserviceaccount.com&Expires=1750568487&Signature=YCebCT3Udys8%2FL72qXE0FhDoU4jw8lx27liOJtSPret7nI8BNgcUYAkdonYHPqOa5qUx03vWItbI0sr3ITRTbyR1Pk7p%2F1dPfZHO8QJaWLjjp4ecMjn5Pnau6SaT36StR10gzbfMjPYXzKPcTa00ZK9Ulgi5g1crRrMIF0ZZTCnImavFEUGFHULbk%2BX6srtVjyaY4K%2Brsr7bHdidbI%2BL5zgye5uzdjJ2GWITxMK6TermVR7HBn7x29eoH2OCLGfi1NDd2d1wKXEEfll1rRzV0F0ULd03VzMP7SGdEu3yKxcpS7rxB%2BWc8gPvCra0pQx55cfYxVVRrlnJ0HHc0Sgrpg%3D%3D
[debug] [2025-06-22T04:31:27.834Z] >>> [apiv2][body] PUT https://storage.googleapis.com/gcf-v2-uploads-579276646722.us-central1.cloudfunctions.appspot.com/2dcebf26-0dc9-4a55-a52c-cdb3c9367712.zip [stream]
[debug] [2025-06-22T04:31:28.220Z] <<< [apiv2][status] PUT https://storage.googleapis.com/gcf-v2-uploads-579276646722.us-central1.cloudfunctions.appspot.com/2dcebf26-0dc9-4a55-a52c-cdb3c9367712.zip 200
[debug] [2025-06-22T04:31:28.221Z] <<< [apiv2][body] PUT https://storage.googleapis.com/gcf-v2-uploads-579276646722.us-central1.cloudfunctions.appspot.com/2dcebf26-0dc9-4a55-a52c-cdb3c9367712.zip [omitted]
[info] ✔  functions: functions folder uploaded successfully 
[info] 
The following functions are found in your project but do not exist in your local source code:
	checkStripeAccountStatus(us-central1)
	createPaymentSession(us-central1)
	createStripeAccount(us-central1)
	createStripeOnboardingLink(us-central1)
	getPaymentLink(us-central1)
	stripeWebhook(us-central1)

If you are renaming a function or changing its region, it is recommended that you create the new function first before deleting the old one to prevent event loss. For more info, visit https://firebase.google.com/docs/functions/manage-functions#modify

